<?xml version="1.0" encoding="UTF-8"?>
<!-- Generated by org.testng.reporters.JUnitReportReporter -->
<testsuite skipped="0" hostname="IN1252698W1" name="org.leaftaps.testcases.TC002_CreateLead" tests="3" failures="0" timestamp="2020-04-04T22:07:04 IST" time="78.169" errors="0">
  <testcase name="createLead" time="23.549" classname="org.leaftaps.testcases.TC002_CreateLead"/>
  <testcase name="createLead" time="38.784" classname="org.leaftaps.testcases.TC002_CreateLead"/>
  <testcase name="createLead" time="15.836" classname="org.leaftaps.testcases.TC002_CreateLead"/>
</testsuite> <!-- org.leaftaps.testcases.TC002_CreateLead -->
